2012-04-27T11:06:21+00:00 heroku[router]: GET mykey.herokuapp.com/favicon.ico dyno=web.1 queue=0 wait=0ms service=6ms status=304 bytes=0
2012-04-27T11:09:00+00:00 app[web.1]: 
2012-04-27T11:09:00+00:00 app[web.1]: 
2012-04-27T11:09:00+00:00 app[web.1]: Processing by PagesController#home as HTML
2012-04-27T11:09:00+00:00 app[web.1]: Started GET "/" for 210.7.78.19 at 2012-04-27 11:09:00 +0000
2012-04-27T11:09:00+00:00 app[web.1]:   Rendered pages/_home_tab_home.html.erb (0.5ms)
2012-04-27T11:09:00+00:00 app[web.1]:   Rendered pages/_home_tab_surprise.html.erb (4.0ms)
2012-04-27T11:09:00+00:00 app[web.1]:   Rendered pages/home.html.erb within layouts/application (5.2ms)
2012-04-27T11:09:00+00:00 app[web.1]: Completed 500 Internal Server Error in 10ms
2012-04-27T11:09:00+00:00 app[web.1]:   app/views/pages/_home_tab_surprise.html.erb:11:in `block in _app_views_pages__home_tab_surprise_html_erb___3702813085473041078_15492740'
2012-04-27T11:09:00+00:00 app[web.1]: 
2012-04-27T11:09:00+00:00 app[web.1]:   app/views/pages/_home_tab_surprise.html.erb:4:in `each'
2012-04-27T11:09:00+00:00 app[web.1]: ActionController::RoutingError (No route matches {:action=>"show", :controller=>"profiles", :user_id=>#<User id: 5, email: "amitjain9@gmail.com", encrypted_password: "$2a$10$16UXXCS3sPFmOipTtVFYu.RRLGluJ0g2PAnBVbV36sJ5...", reset_password_token: nil, reset_password_sent_at: nil, remember_created_at: nil, sign_in_count: 1, current_sign_in_at: "2012-04-26 08:06:42", last_sign_in_at: "2012-04-26 08:06:42", current_sign_in_ip: "121.243.22.130", last_sign_in_ip: "121.243.22.130", name: "amitjain", confirmation_token: nil, confirmed_at: "2012-04-26 08:06:42", confirmation_sent_at: "2012-04-26 08:06:14", unconfirmed_email: nil, created_at: "2012-04-26 08:06:14", updated_at: "2012-04-26 08:06:42">, :id=>nil}):
2012-04-27T11:09:00+00:00 app[web.1]:   app/views/pages/_home_tab_surprise.html.erb:4:in `_app_views_pages__home_tab_surprise_html_erb___3702813085473041078_15492740'
2012-04-27T11:09:00+00:00 app[web.1]:   app/views/pages/home.html.erb:15:in `_app_views_pages_home_html_erb__2468654030266988328_16405960'
2012-04-27T11:09:00+00:00 app[web.1]: 
2012-04-27T11:09:00+00:00 app[web.1]: 
2012-04-27T11:09:00+00:00 heroku[router]: GET mykey.herokuapp.com/ dyno=web.1 queue=0 wait=0ms service=18ms status=404 bytes=728
2012-04-27T11:09:00+00:00 heroku[router]: GET mykey.herokuapp.com/favicon.ico dyno=web.1 queue=0 wait=0ms service=4ms status=304 bytes=0
2012-04-27T11:09:20+00:00 heroku[web.1]: State changed from up to bouncing
2012-04-27T11:09:20+00:00 heroku[web.1]: State changed from bouncing to created
2012-04-27T11:09:20+00:00 heroku[web.1]: State changed from created to starting
2012-04-27T11:09:22+00:00 heroku[web.1]: Stopping process with SIGTERM
2012-04-27T11:09:22+00:00 app[web.1]: [2012-04-27 11:09:22] ERROR SignalException: SIGTERM
2012-04-27T11:09:22+00:00 app[web.1]: 	/usr/local/lib/ruby/1.9.1/webrick/server.rb:90:in `select'
2012-04-27T11:09:24+00:00 heroku[web.1]: Starting process with command `bundle exec rails server -p 39987`
2012-04-27T11:09:27+00:00 app[web.1]: DEPRECATION WARNING: You have Rails 2.3-style plugins in vendor/plugins! Support for these plugins will be removed in Rails 4.0. Move them out and bundle them in your Gemfile, or fold them in to your app as lib/myplugin/* and config/initializers/myplugin.rb. See the release notes for more on this: http://weblog.rubyonrails.org/2012/1/4/rails-3-2-0-rc2-has-been-released. (called from <top (required)> at /app/config/environment.rb:5)
2012-04-27T11:09:27+00:00 app[web.1]: DEPRECATION WARNING: You have Rails 2.3-style plugins in vendor/plugins! Support for these plugins will be removed in Rails 4.0. Move them out and bundle them in your Gemfile, or fold them in to your app as lib/myplugin/* and config/initializers/myplugin.rb. See the release notes for more on this: http://weblog.rubyonrails.org/2012/1/4/rails-3-2-0-rc2-has-been-released. (called from <top (required)> at /app/config/environment.rb:5)
2012-04-27T11:09:32+00:00 heroku[web.1]: Stopping process with SIGKILL
2012-04-27T11:09:32+00:00 heroku[web.1]: Error R12 (Exit timeout) -> Process failed to exit within 10 seconds of SIGTERM
2012-04-27T11:09:32+00:00 app[web.1]: [2012-04-27 11:09:32] INFO  WEBrick 1.3.1
2012-04-27T11:09:32+00:00 app[web.1]: [2012-04-27 11:09:32] INFO  ruby 1.9.2 (2011-07-09) [x86_64-linux]
2012-04-27T11:09:32+00:00 app[web.1]: [2012-04-27 11:09:32] INFO  WEBrick::HTTPServer#start: pid=1 port=39987
2012-04-27T11:09:33+00:00 heroku[web.1]: State changed from starting to up
2012-04-27T11:09:33+00:00 heroku[web.1]: Process exited with status 137
2012-04-27T11:09:35+00:00 app[web.1]: => Call with -d to detach
2012-04-27T11:09:35+00:00 app[web.1]: => Booting WEBrick
2012-04-27T11:09:35+00:00 app[web.1]: => Rails 3.2.3 application starting in production on http://0.0.0.0:39987
2012-04-27T11:09:35+00:00 app[web.1]: => Ctrl-C to shutdown server
2012-04-27T11:09:35+00:00 app[web.1]: 
2012-04-27T11:09:35+00:00 app[web.1]: 
2012-04-27T11:09:35+00:00 app[web.1]: Started GET "/" for 210.7.78.19 at 2012-04-27 11:09:35 +0000
2012-04-27T11:09:35+00:00 app[web.1]: Processing by PagesController#home as HTML
2012-04-27T11:09:35+00:00 app[web.1]:   Rendered pages/_home_tab_home.html.erb (0.9ms)
2012-04-27T11:09:35+00:00 app[web.1]:   Rendered pages/_home_tab_surprise.html.erb (69.0ms)
2012-04-27T11:09:35+00:00 app[web.1]:   Rendered pages/home.html.erb within layouts/application (122.1ms)
2012-04-27T11:09:35+00:00 app[web.1]: Completed 500 Internal Server Error in 479ms
2012-04-27T11:09:35+00:00 app[web.1]: 
2012-04-27T11:09:35+00:00 app[web.1]: ActionController::RoutingError (No route matches {:action=>"show", :controller=>"profiles", :user_id=>#<User id: 5, email: "amitjain9@gmail.com", encrypted_password: "$2a$10$16UXXCS3sPFmOipTtVFYu.RRLGluJ0g2PAnBVbV36sJ5...", reset_password_token: nil, reset_password_sent_at: nil, remember_created_at: nil, sign_in_count: 1, current_sign_in_at: "2012-04-26 08:06:42", last_sign_in_at: "2012-04-26 08:06:42", current_sign_in_ip: "121.243.22.130", last_sign_in_ip: "121.243.22.130", name: "amitjain", confirmation_token: nil, confirmed_at: "2012-04-26 08:06:42", confirmation_sent_at: "2012-04-26 08:06:14", unconfirmed_email: nil, created_at: "2012-04-26 08:06:14", updated_at: "2012-04-26 08:06:42">, :id=>nil}):
2012-04-27T11:09:35+00:00 app[web.1]:   app/views/pages/_home_tab_surprise.html.erb:11:in `block in _app_views_pages__home_tab_surprise_html_erb___2923679226169831159_38293200'
2012-04-27T11:09:35+00:00 app[web.1]:   app/views/pages/_home_tab_surprise.html.erb:4:in `each'
2012-04-27T11:09:35+00:00 app[web.1]:   app/views/pages/home.html.erb:15:in `_app_views_pages_home_html_erb___25564178080015292_34346400'
2012-04-27T11:09:35+00:00 app[web.1]:   app/views/pages/_home_tab_surprise.html.erb:4:in `_app_views_pages__home_tab_surprise_html_erb___2923679226169831159_38293200'
2012-04-27T11:09:35+00:00 app[web.1]: 
2012-04-27T11:09:35+00:00 app[web.1]: 
2012-04-27T11:09:35+00:00 heroku[router]: GET mykey.herokuapp.com/ dyno=web.1 queue=0 wait=0ms service=598ms status=404 bytes=728
2012-04-27T11:14:43+00:00 heroku[run.1]: State changed from created to starting
2012-04-27T11:14:49+00:00 app[run.1]: Awaiting client
2012-04-27T11:14:49+00:00 app[run.1]: Starting process with command `bundle exec rake db:migrate`
2012-04-27T11:14:50+00:00 heroku[run.1]: State changed from starting to up
2012-04-27T11:14:59+00:00 heroku[run.1]: Process exited with status 0
2012-04-27T11:15:01+00:00 heroku[run.1]: State changed from up to complete
2012-04-27T11:15:23+00:00 heroku[web.1]: State changed from up to bouncing
2012-04-27T11:15:23+00:00 heroku[web.1]: State changed from bouncing to created
2012-04-27T11:15:23+00:00 heroku[web.1]: State changed from created to starting
2012-04-27T11:15:26+00:00 heroku[web.1]: Stopping process with SIGTERM
2012-04-27T11:15:26+00:00 app[web.1]: [2012-04-27 11:15:26] ERROR SignalException: SIGTERM
2012-04-27T11:15:26+00:00 app[web.1]: 	/usr/local/lib/ruby/1.9.1/webrick/server.rb:90:in `select'
2012-04-27T11:15:28+00:00 heroku[web.1]: Starting process with command `bundle exec rails server -p 13016`
2012-04-27T11:15:33+00:00 app[web.1]: DEPRECATION WARNING: You have Rails 2.3-style plugins in vendor/plugins! Support for these plugins will be removed in Rails 4.0. Move them out and bundle them in your Gemfile, or fold them in to your app as lib/myplugin/* and config/initializers/myplugin.rb. See the release notes for more on this: http://weblog.rubyonrails.org/2012/1/4/rails-3-2-0-rc2-has-been-released. (called from <top (required)> at /app/config/environment.rb:5)
2012-04-27T11:15:33+00:00 app[web.1]: DEPRECATION WARNING: You have Rails 2.3-style plugins in vendor/plugins! Support for these plugins will be removed in Rails 4.0. Move them out and bundle them in your Gemfile, or fold them in to your app as lib/myplugin/* and config/initializers/myplugin.rb. See the release notes for more on this: http://weblog.rubyonrails.org/2012/1/4/rails-3-2-0-rc2-has-been-released. (called from <top (required)> at /app/config/environment.rb:5)
2012-04-27T11:15:36+00:00 heroku[web.1]: Error R12 (Exit timeout) -> Process failed to exit within 10 seconds of SIGTERM
2012-04-27T11:15:36+00:00 heroku[web.1]: Stopping process with SIGKILL
2012-04-27T11:15:38+00:00 heroku[web.1]: Process exited with status 137
2012-04-27T11:15:39+00:00 app[web.1]: [2012-04-27 11:15:39] INFO  WEBrick 1.3.1
2012-04-27T11:15:39+00:00 app[web.1]: [2012-04-27 11:15:39] INFO  WEBrick::HTTPServer#start: pid=1 port=13016
2012-04-27T11:15:39+00:00 app[web.1]: [2012-04-27 11:15:39] INFO  ruby 1.9.2 (2011-07-09) [x86_64-linux]
2012-04-27T11:15:40+00:00 heroku[web.1]: State changed from starting to up
2012-04-27T11:15:41+00:00 app[web.1]: => Rails 3.2.3 application starting in production on http://0.0.0.0:13016
2012-04-27T11:15:41+00:00 app[web.1]: => Booting WEBrick
2012-04-27T11:15:41+00:00 app[web.1]: => Ctrl-C to shutdown server
2012-04-27T11:15:41+00:00 app[web.1]: => Call with -d to detach
2012-04-27T11:15:41+00:00 app[web.1]: 
2012-04-27T11:15:41+00:00 app[web.1]: 
2012-04-27T11:15:41+00:00 app[web.1]: Started GET "/" for 210.7.78.19 at 2012-04-27 11:15:41 +0000
2012-04-27T11:15:41+00:00 app[web.1]: Processing by PagesController#home as HTML
2012-04-27T11:15:41+00:00 app[web.1]:   Rendered pages/_home_tab_home.html.erb (0.8ms)
2012-04-27T11:15:41+00:00 app[web.1]:   Rendered pages/_home_tab_surprise.html.erb (74.2ms)
2012-04-27T11:15:41+00:00 app[web.1]: Completed 500 Internal Server Error in 505ms
2012-04-27T11:15:41+00:00 app[web.1]:   Rendered pages/home.html.erb within layouts/application (124.4ms)
2012-04-27T11:15:41+00:00 app[web.1]: 
2012-04-27T11:15:41+00:00 app[web.1]:   app/views/pages/_home_tab_surprise.html.erb:11:in `block in _app_views_pages__home_tab_surprise_html_erb__1237567789292860109_31041520'
2012-04-27T11:15:41+00:00 app[web.1]: ActionController::RoutingError (No route matches {:action=>"show", :controller=>"profiles", :user_id=>#<User id: 5, email: "amitjain9@gmail.com", encrypted_password: "$2a$10$16UXXCS3sPFmOipTtVFYu.RRLGluJ0g2PAnBVbV36sJ5...", reset_password_token: nil, reset_password_sent_at: nil, remember_created_at: nil, sign_in_count: 1, current_sign_in_at: "2012-04-26 08:06:42", last_sign_in_at: "2012-04-26 08:06:42", current_sign_in_ip: "121.243.22.130", last_sign_in_ip: "121.243.22.130", name: "amitjain", confirmation_token: nil, confirmed_at: "2012-04-26 08:06:42", confirmation_sent_at: "2012-04-26 08:06:14", unconfirmed_email: nil, created_at: "2012-04-26 08:06:14", updated_at: "2012-04-26 08:06:42">, :id=>nil}):
2012-04-27T11:15:41+00:00 app[web.1]:   app/views/pages/_home_tab_surprise.html.erb:4:in `each'
2012-04-27T11:15:41+00:00 app[web.1]:   app/views/pages/_home_tab_surprise.html.erb:4:in `_app_views_pages__home_tab_surprise_html_erb__1237567789292860109_31041520'
2012-04-27T11:15:41+00:00 app[web.1]: 
2012-04-27T11:15:41+00:00 app[web.1]:   app/views/pages/home.html.erb:15:in `_app_views_pages_home_html_erb___4198291217943473325_27457100'
2012-04-27T11:15:41+00:00 app[web.1]: 
2012-04-27T11:15:41+00:00 heroku[router]: GET mykey.herokuapp.com/ dyno=web.1 queue=0 wait=0ms service=756ms status=404 bytes=728
2012-04-27T11:15:42+00:00 heroku[router]: GET mykey.herokuapp.com/favicon.ico dyno=web.1 queue=0 wait=0ms service=11ms status=304 bytes=0
